<?xml version="1.0" encoding="UTF-8"?>
<testsuite xmlns:xsi="http://www.w3.org/2001/XMLSchema-instance" xsi:noNamespaceSchemaLocation="https://maven.apache.org/surefire/maven-surefire-plugin/xsd/surefire-test-report-3.0.xsd" version="3.0" name="runner.RunTest" time="11.423" tests="5" errors="0" skipped="0" failures="0">
  <properties>
    <property name="sun.desktop" value="gnome"/>
    <property name="awt.toolkit" value="sun.awt.X11.XToolkit"/>
    <property name="java.specification.version" value="11"/>
    <property name="sun.cpu.isalist" value=""/>
    <property name="sun.jnu.encoding" value="UTF-8"/>
    <property name="java.class.path" value="/home/luis/Java-Code/SeleniumTest/target/test-classes:/home/luis/Java-Code/SeleniumTest/target/classes:/home/luis/.m2/repository/info/cukes/cucumber-junit/1.2.5/cucumber-junit-1.2.5.jar:/home/luis/.m2/repository/info/cukes/cucumber-core/1.2.5/cucumber-core-1.2.5.jar:/home/luis/.m2/repository/info/cukes/cucumber-html/0.2.3/cucumber-html-0.2.3.jar:/home/luis/.m2/repository/info/cukes/cucumber-jvm-deps/1.0.5/cucumber-jvm-deps-1.0.5.jar:/home/luis/.m2/repository/info/cukes/gherkin/2.12.2/gherkin-2.12.2.jar:/home/luis/.m2/repository/junit/junit/4.12/junit-4.12.jar:/home/luis/.m2/repository/org/hamcrest/hamcrest-core/1.3/hamcrest-core-1.3.jar:/home/luis/.m2/repository/info/cukes/cucumber-java/1.2.5/cucumber-java-1.2.5.jar:/home/luis/.m2/repository/org/seleniumhq/selenium/selenium-java/3.141.59/selenium-java-3.141.59.jar:/home/luis/.m2/repository/org/seleniumhq/selenium/selenium-api/3.141.59/selenium-api-3.141.59.jar:/home/luis/.m2/repository/org/seleniumhq/selenium/selenium-chrome-driver/3.141.59/selenium-chrome-driver-3.141.59.jar:/home/luis/.m2/repository/org/seleniumhq/selenium/selenium-edge-driver/3.141.59/selenium-edge-driver-3.141.59.jar:/home/luis/.m2/repository/org/seleniumhq/selenium/selenium-firefox-driver/3.141.59/selenium-firefox-driver-3.141.59.jar:/home/luis/.m2/repository/org/seleniumhq/selenium/selenium-ie-driver/3.141.59/selenium-ie-driver-3.141.59.jar:/home/luis/.m2/repository/org/seleniumhq/selenium/selenium-opera-driver/3.141.59/selenium-opera-driver-3.141.59.jar:/home/luis/.m2/repository/org/seleniumhq/selenium/selenium-remote-driver/3.141.59/selenium-remote-driver-3.141.59.jar:/home/luis/.m2/repository/org/seleniumhq/selenium/selenium-safari-driver/3.141.59/selenium-safari-driver-3.141.59.jar:/home/luis/.m2/repository/org/seleniumhq/selenium/selenium-support/3.141.59/selenium-support-3.141.59.jar:/home/luis/.m2/repository/net/bytebuddy/byte-buddy/1.8.15/byte-buddy-1.8.15.jar:/home/luis/.m2/repository/org/apache/commons/commons-exec/1.3/commons-exec-1.3.jar:/home/luis/.m2/repository/com/google/guava/guava/25.0-jre/guava-25.0-jre.jar:/home/luis/.m2/repository/com/google/code/findbugs/jsr305/1.3.9/jsr305-1.3.9.jar:/home/luis/.m2/repository/org/checkerframework/checker-compat-qual/2.0.0/checker-compat-qual-2.0.0.jar:/home/luis/.m2/repository/com/google/errorprone/error_prone_annotations/2.1.3/error_prone_annotations-2.1.3.jar:/home/luis/.m2/repository/com/google/j2objc/j2objc-annotations/1.1/j2objc-annotations-1.1.jar:/home/luis/.m2/repository/org/codehaus/mojo/animal-sniffer-annotations/1.14/animal-sniffer-annotations-1.14.jar:/home/luis/.m2/repository/com/squareup/okhttp3/okhttp/3.11.0/okhttp-3.11.0.jar:/home/luis/.m2/repository/com/squareup/okio/okio/1.14.0/okio-1.14.0.jar:/home/luis/.m2/repository/com/trivago/rta/cluecumber-report-plugin/1.2.0/cluecumber-report-plugin-1.2.0.jar:/home/luis/.m2/repository/org/apache/maven/maven-plugin-api/3.5.2/maven-plugin-api-3.5.2.jar:/home/luis/.m2/repository/org/apache/maven/maven-model/3.5.2/maven-model-3.5.2.jar:/home/luis/.m2/repository/org/apache/commons/commons-lang3/3.5/commons-lang3-3.5.jar:/home/luis/.m2/repository/org/apache/maven/maven-artifact/3.5.2/maven-artifact-3.5.2.jar:/home/luis/.m2/repository/org/eclipse/sisu/org.eclipse.sisu.plexus/0.3.3/org.eclipse.sisu.plexus-0.3.3.jar:/home/luis/.m2/repository/javax/enterprise/cdi-api/1.0/cdi-api-1.0.jar:/home/luis/.m2/repository/javax/annotation/jsr250-api/1.0/jsr250-api-1.0.jar:/home/luis/.m2/repository/org/eclipse/sisu/org.eclipse.sisu.inject/0.3.3/org.eclipse.sisu.inject-0.3.3.jar:/home/luis/.m2/repository/org/codehaus/plexus/plexus-classworlds/2.5.2/plexus-classworlds-2.5.2.jar:/home/luis/.m2/repository/org/apache/maven/maven-compat/3.5.2/maven-compat-3.5.2.jar:/home/luis/.m2/repository/org/apache/maven/maven-model-builder/3.5.2/maven-model-builder-3.5.2.jar:/home/luis/.m2/repository/org/apache/maven/maven-builder-support/3.5.2/maven-builder-support-3.5.2.jar:/home/luis/.m2/repository/org/apache/maven/maven-settings/3.5.2/maven-settings-3.5.2.jar:/home/luis/.m2/repository/org/apache/maven/maven-settings-builder/3.5.2/maven-settings-builder-3.5.2.jar:/home/luis/.m2/repository/org/sonatype/plexus/plexus-sec-dispatcher/1.4/plexus-sec-dispatcher-1.4.jar:/home/luis/.m2/repository/org/sonatype/plexus/plexus-cipher/1.4/plexus-cipher-1.4.jar:/home/luis/.m2/repository/org/apache/maven/maven-core/3.5.2/maven-core-3.5.2.jar:/home/luis/.m2/repository/org/apache/maven/resolver/maven-resolver-spi/1.1.0/maven-resolver-spi-1.1.0.jar:/home/luis/.m2/repository/org/apache/maven/shared/maven-shared-utils/3.1.0/maven-shared-utils-3.1.0.jar:/home/luis/.m2/repository/commons-io/commons-io/2.5/commons-io-2.5.jar:/home/luis/.m2/repository/com/google/inject/guice/4.0/guice-4.0-no_aop.jar:/home/luis/.m2/repository/aopalliance/aopalliance/1.0/aopalliance-1.0.jar:/home/luis/.m2/repository/javax/inject/javax.inject/1/javax.inject-1.jar:/home/luis/.m2/repository/org/apache/maven/maven-resolver-provider/3.5.2/maven-resolver-provider-3.5.2.jar:/home/luis/.m2/repository/org/apache/maven/maven-repository-metadata/3.5.2/maven-repository-metadata-3.5.2.jar:/home/luis/.m2/repository/org/apache/maven/resolver/maven-resolver-api/1.1.0/maven-resolver-api-1.1.0.jar:/home/luis/.m2/repository/org/apache/maven/resolver/maven-resolver-util/1.1.0/maven-resolver-util-1.1.0.jar:/home/luis/.m2/repository/org/apache/maven/resolver/maven-resolver-impl/1.1.0/maven-resolver-impl-1.1.0.jar:/home/luis/.m2/repository/org/codehaus/plexus/plexus-interpolation/1.24/plexus-interpolation-1.24.jar:/home/luis/.m2/repository/org/codehaus/plexus/plexus-component-annotations/1.7.1/plexus-component-annotations-1.7.1.jar:/home/luis/.m2/repository/org/apache/maven/wagon/wagon-provider-api/2.12/wagon-provider-api-2.12.jar:/home/luis/.m2/repository/com/google/code/gson/gson/2.8.2/gson-2.8.2.jar:/home/luis/.m2/repository/io/gsonfire/gson-fire/1.8.3/gson-fire-1.8.3.jar:/home/luis/.m2/repository/org/freemarker/freemarker/2.3.28/freemarker-2.3.28.jar:/home/luis/.m2/repository/org/codehaus/plexus/plexus-utils/3.1.0/plexus-utils-3.1.0.jar:/home/luis/.m2/repository/org/jsoup/jsoup/1.11.3/jsoup-1.11.3.jar:/home/luis/.m2/repository/uk/com/robust-it/cloning/1.9.10/cloning-1.9.10.jar:/home/luis/.m2/repository/org/objenesis/objenesis/2.6/objenesis-2.6.jar:/home/luis/.m2/repository/org/apache/maven/plugins/maven-surefire-plugin/3.0.0-M5/maven-surefire-plugin-3.0.0-M5.jar:/home/luis/.m2/repository/org/apache/maven/surefire/maven-surefire-common/3.0.0-M5/maven-surefire-common-3.0.0-M5.jar:/home/luis/.m2/repository/org/apache/maven/surefire/surefire-api/3.0.0-M5/surefire-api-3.0.0-M5.jar:/home/luis/.m2/repository/org/apache/maven/surefire/surefire-logger-api/3.0.0-M5/surefire-logger-api-3.0.0-M5.jar:/home/luis/.m2/repository/org/apache/maven/surefire/surefire-extensions-api/3.0.0-M5/surefire-extensions-api-3.0.0-M5.jar:/home/luis/.m2/repository/org/apache/maven/surefire/surefire-booter/3.0.0-M5/surefire-booter-3.0.0-M5.jar:/home/luis/.m2/repository/org/apache/maven/surefire/surefire-extensions-spi/3.0.0-M5/surefire-extensions-spi-3.0.0-M5.jar:/home/luis/.m2/repository/org/apache/maven/maven-toolchain/3.0-alpha-2/maven-toolchain-3.0-alpha-2.jar:/home/luis/.m2/repository/org/apache/maven/shared/maven-artifact-transfer/0.11.0/maven-artifact-transfer-0.11.0.jar:/home/luis/.m2/repository/org/apache/maven/shared/maven-common-artifact-filters/3.0.1/maven-common-artifact-filters-3.0.1.jar:/home/luis/.m2/repository/org/sonatype/sisu/sisu-inject-plexus/1.4.2/sisu-inject-plexus-1.4.2.jar:/home/luis/.m2/repository/org/sonatype/sisu/sisu-inject-bean/1.4.2/sisu-inject-bean-1.4.2.jar:/home/luis/.m2/repository/org/sonatype/sisu/sisu-guice/2.1.7/sisu-guice-2.1.7-noaop.jar:/home/luis/.m2/repository/commons-codec/commons-codec/1.11/commons-codec-1.11.jar:/home/luis/.m2/repository/org/codehaus/plexus/plexus-java/1.0.5/plexus-java-1.0.5.jar:/home/luis/.m2/repository/org/ow2/asm/asm/7.2/asm-7.2.jar:/home/luis/.m2/repository/com/thoughtworks/qdox/qdox/2.0-M9/qdox-2.0-M9.jar:/home/luis/.m2/repository/org/apache/maven/surefire/surefire-shared-utils/3.0.0-M4/surefire-shared-utils-3.0.0-M4.jar:"/>
    <property name="java.vm.vendor" value="Ubuntu"/>
    <property name="sun.arch.data.model" value="64"/>
    <property name="java.vendor.url" value="https://ubuntu.com/"/>
    <property name="user.timezone" value=""/>
    <property name="java.vm.specification.version" value="11"/>
    <property name="os.name" value="Linux"/>
    <property name="sun.java.launcher" value="SUN_STANDARD"/>
    <property name="user.country" value="BR"/>
    <property name="sun.boot.library.path" value="/usr/lib/jvm/java-11-openjdk-amd64/lib"/>
    <property name="sun.java.command" value="/home/luis/Java-Code/SeleniumTest/target/surefire/surefirebooter8694915698391575345.jar /home/luis/Java-Code/SeleniumTest/target/surefire 2023-08-12T15-07-26_770-jvmRun1 surefire3324330983461797291tmp surefire_05975963434824904203tmp"/>
    <property name="jdk.debug" value="release"/>
    <property name="test" value="**/*RunTest"/>
    <property name="surefire.test.class.path" value="/home/luis/Java-Code/SeleniumTest/target/test-classes:/home/luis/Java-Code/SeleniumTest/target/classes:/home/luis/.m2/repository/info/cukes/cucumber-junit/1.2.5/cucumber-junit-1.2.5.jar:/home/luis/.m2/repository/info/cukes/cucumber-core/1.2.5/cucumber-core-1.2.5.jar:/home/luis/.m2/repository/info/cukes/cucumber-html/0.2.3/cucumber-html-0.2.3.jar:/home/luis/.m2/repository/info/cukes/cucumber-jvm-deps/1.0.5/cucumber-jvm-deps-1.0.5.jar:/home/luis/.m2/repository/info/cukes/gherkin/2.12.2/gherkin-2.12.2.jar:/home/luis/.m2/repository/junit/junit/4.12/junit-4.12.jar:/home/luis/.m2/repository/org/hamcrest/hamcrest-core/1.3/hamcrest-core-1.3.jar:/home/luis/.m2/repository/info/cukes/cucumber-java/1.2.5/cucumber-java-1.2.5.jar:/home/luis/.m2/repository/org/seleniumhq/selenium/selenium-java/3.141.59/selenium-java-3.141.59.jar:/home/luis/.m2/repository/org/seleniumhq/selenium/selenium-api/3.141.59/selenium-api-3.141.59.jar:/home/luis/.m2/repository/org/seleniumhq/selenium/selenium-chrome-driver/3.141.59/selenium-chrome-driver-3.141.59.jar:/home/luis/.m2/repository/org/seleniumhq/selenium/selenium-edge-driver/3.141.59/selenium-edge-driver-3.141.59.jar:/home/luis/.m2/repository/org/seleniumhq/selenium/selenium-firefox-driver/3.141.59/selenium-firefox-driver-3.141.59.jar:/home/luis/.m2/repository/org/seleniumhq/selenium/selenium-ie-driver/3.141.59/selenium-ie-driver-3.141.59.jar:/home/luis/.m2/repository/org/seleniumhq/selenium/selenium-opera-driver/3.141.59/selenium-opera-driver-3.141.59.jar:/home/luis/.m2/repository/org/seleniumhq/selenium/selenium-remote-driver/3.141.59/selenium-remote-driver-3.141.59.jar:/home/luis/.m2/repository/org/seleniumhq/selenium/selenium-safari-driver/3.141.59/selenium-safari-driver-3.141.59.jar:/home/luis/.m2/repository/org/seleniumhq/selenium/selenium-support/3.141.59/selenium-support-3.141.59.jar:/home/luis/.m2/repository/net/bytebuddy/byte-buddy/1.8.15/byte-buddy-1.8.15.jar:/home/luis/.m2/repository/org/apache/commons/commons-exec/1.3/commons-exec-1.3.jar:/home/luis/.m2/repository/com/google/guava/guava/25.0-jre/guava-25.0-jre.jar:/home/luis/.m2/repository/com/google/code/findbugs/jsr305/1.3.9/jsr305-1.3.9.jar:/home/luis/.m2/repository/org/checkerframework/checker-compat-qual/2.0.0/checker-compat-qual-2.0.0.jar:/home/luis/.m2/repository/com/google/errorprone/error_prone_annotations/2.1.3/error_prone_annotations-2.1.3.jar:/home/luis/.m2/repository/com/google/j2objc/j2objc-annotations/1.1/j2objc-annotations-1.1.jar:/home/luis/.m2/repository/org/codehaus/mojo/animal-sniffer-annotations/1.14/animal-sniffer-annotations-1.14.jar:/home/luis/.m2/repository/com/squareup/okhttp3/okhttp/3.11.0/okhttp-3.11.0.jar:/home/luis/.m2/repository/com/squareup/okio/okio/1.14.0/okio-1.14.0.jar:/home/luis/.m2/repository/com/trivago/rta/cluecumber-report-plugin/1.2.0/cluecumber-report-plugin-1.2.0.jar:/home/luis/.m2/repository/org/apache/maven/maven-plugin-api/3.5.2/maven-plugin-api-3.5.2.jar:/home/luis/.m2/repository/org/apache/maven/maven-model/3.5.2/maven-model-3.5.2.jar:/home/luis/.m2/repository/org/apache/commons/commons-lang3/3.5/commons-lang3-3.5.jar:/home/luis/.m2/repository/org/apache/maven/maven-artifact/3.5.2/maven-artifact-3.5.2.jar:/home/luis/.m2/repository/org/eclipse/sisu/org.eclipse.sisu.plexus/0.3.3/org.eclipse.sisu.plexus-0.3.3.jar:/home/luis/.m2/repository/javax/enterprise/cdi-api/1.0/cdi-api-1.0.jar:/home/luis/.m2/repository/javax/annotation/jsr250-api/1.0/jsr250-api-1.0.jar:/home/luis/.m2/repository/org/eclipse/sisu/org.eclipse.sisu.inject/0.3.3/org.eclipse.sisu.inject-0.3.3.jar:/home/luis/.m2/repository/org/codehaus/plexus/plexus-classworlds/2.5.2/plexus-classworlds-2.5.2.jar:/home/luis/.m2/repository/org/apache/maven/maven-compat/3.5.2/maven-compat-3.5.2.jar:/home/luis/.m2/repository/org/apache/maven/maven-model-builder/3.5.2/maven-model-builder-3.5.2.jar:/home/luis/.m2/repository/org/apache/maven/maven-builder-support/3.5.2/maven-builder-support-3.5.2.jar:/home/luis/.m2/repository/org/apache/maven/maven-settings/3.5.2/maven-settings-3.5.2.jar:/home/luis/.m2/repository/org/apache/maven/maven-settings-builder/3.5.2/maven-settings-builder-3.5.2.jar:/home/luis/.m2/repository/org/sonatype/plexus/plexus-sec-dispatcher/1.4/plexus-sec-dispatcher-1.4.jar:/home/luis/.m2/repository/org/sonatype/plexus/plexus-cipher/1.4/plexus-cipher-1.4.jar:/home/luis/.m2/repository/org/apache/maven/maven-core/3.5.2/maven-core-3.5.2.jar:/home/luis/.m2/repository/org/apache/maven/resolver/maven-resolver-spi/1.1.0/maven-resolver-spi-1.1.0.jar:/home/luis/.m2/repository/org/apache/maven/shared/maven-shared-utils/3.1.0/maven-shared-utils-3.1.0.jar:/home/luis/.m2/repository/commons-io/commons-io/2.5/commons-io-2.5.jar:/home/luis/.m2/repository/com/google/inject/guice/4.0/guice-4.0-no_aop.jar:/home/luis/.m2/repository/aopalliance/aopalliance/1.0/aopalliance-1.0.jar:/home/luis/.m2/repository/javax/inject/javax.inject/1/javax.inject-1.jar:/home/luis/.m2/repository/org/apache/maven/maven-resolver-provider/3.5.2/maven-resolver-provider-3.5.2.jar:/home/luis/.m2/repository/org/apache/maven/maven-repository-metadata/3.5.2/maven-repository-metadata-3.5.2.jar:/home/luis/.m2/repository/org/apache/maven/resolver/maven-resolver-api/1.1.0/maven-resolver-api-1.1.0.jar:/home/luis/.m2/repository/org/apache/maven/resolver/maven-resolver-util/1.1.0/maven-resolver-util-1.1.0.jar:/home/luis/.m2/repository/org/apache/maven/resolver/maven-resolver-impl/1.1.0/maven-resolver-impl-1.1.0.jar:/home/luis/.m2/repository/org/codehaus/plexus/plexus-interpolation/1.24/plexus-interpolation-1.24.jar:/home/luis/.m2/repository/org/codehaus/plexus/plexus-component-annotations/1.7.1/plexus-component-annotations-1.7.1.jar:/home/luis/.m2/repository/org/apache/maven/wagon/wagon-provider-api/2.12/wagon-provider-api-2.12.jar:/home/luis/.m2/repository/com/google/code/gson/gson/2.8.2/gson-2.8.2.jar:/home/luis/.m2/repository/io/gsonfire/gson-fire/1.8.3/gson-fire-1.8.3.jar:/home/luis/.m2/repository/org/freemarker/freemarker/2.3.28/freemarker-2.3.28.jar:/home/luis/.m2/repository/org/codehaus/plexus/plexus-utils/3.1.0/plexus-utils-3.1.0.jar:/home/luis/.m2/repository/org/jsoup/jsoup/1.11.3/jsoup-1.11.3.jar:/home/luis/.m2/repository/uk/com/robust-it/cloning/1.9.10/cloning-1.9.10.jar:/home/luis/.m2/repository/org/objenesis/objenesis/2.6/objenesis-2.6.jar:/home/luis/.m2/repository/org/apache/maven/plugins/maven-surefire-plugin/3.0.0-M5/maven-surefire-plugin-3.0.0-M5.jar:/home/luis/.m2/repository/org/apache/maven/surefire/maven-surefire-common/3.0.0-M5/maven-surefire-common-3.0.0-M5.jar:/home/luis/.m2/repository/org/apache/maven/surefire/surefire-api/3.0.0-M5/surefire-api-3.0.0-M5.jar:/home/luis/.m2/repository/org/apache/maven/surefire/surefire-logger-api/3.0.0-M5/surefire-logger-api-3.0.0-M5.jar:/home/luis/.m2/repository/org/apache/maven/surefire/surefire-extensions-api/3.0.0-M5/surefire-extensions-api-3.0.0-M5.jar:/home/luis/.m2/repository/org/apache/maven/surefire/surefire-booter/3.0.0-M5/surefire-booter-3.0.0-M5.jar:/home/luis/.m2/repository/org/apache/maven/surefire/surefire-extensions-spi/3.0.0-M5/surefire-extensions-spi-3.0.0-M5.jar:/home/luis/.m2/repository/org/apache/maven/maven-toolchain/3.0-alpha-2/maven-toolchain-3.0-alpha-2.jar:/home/luis/.m2/repository/org/apache/maven/shared/maven-artifact-transfer/0.11.0/maven-artifact-transfer-0.11.0.jar:/home/luis/.m2/repository/org/apache/maven/shared/maven-common-artifact-filters/3.0.1/maven-common-artifact-filters-3.0.1.jar:/home/luis/.m2/repository/org/sonatype/sisu/sisu-inject-plexus/1.4.2/sisu-inject-plexus-1.4.2.jar:/home/luis/.m2/repository/org/sonatype/sisu/sisu-inject-bean/1.4.2/sisu-inject-bean-1.4.2.jar:/home/luis/.m2/repository/org/sonatype/sisu/sisu-guice/2.1.7/sisu-guice-2.1.7-noaop.jar:/home/luis/.m2/repository/commons-codec/commons-codec/1.11/commons-codec-1.11.jar:/home/luis/.m2/repository/org/codehaus/plexus/plexus-java/1.0.5/plexus-java-1.0.5.jar:/home/luis/.m2/repository/org/ow2/asm/asm/7.2/asm-7.2.jar:/home/luis/.m2/repository/com/thoughtworks/qdox/qdox/2.0-M9/qdox-2.0-M9.jar:/home/luis/.m2/repository/org/apache/maven/surefire/surefire-shared-utils/3.0.0-M4/surefire-shared-utils-3.0.0-M4.jar:"/>
    <property name="sun.cpu.endian" value="little"/>
    <property name="user.home" value="/home/luis"/>
    <property name="user.language" value="pt"/>
    <property name="java.specification.vendor" value="Oracle Corporation"/>
    <property name="java.version.date" value="2023-07-18"/>
    <property name="java.home" value="/usr/lib/jvm/java-11-openjdk-amd64"/>
    <property name="file.separator" value="/"/>
    <property name="basedir" value="/home/luis/Java-Code/SeleniumTest"/>
    <property name="java.vm.compressedOopsMode" value="32-bit"/>
    <property name="line.separator" value="&#10;"/>
    <property name="java.specification.name" value="Java Platform API Specification"/>
    <property name="java.vm.specification.vendor" value="Oracle Corporation"/>
    <property name="java.awt.graphicsenv" value="sun.awt.X11GraphicsEnvironment"/>
    <property name="surefire.real.class.path" value="/home/luis/Java-Code/SeleniumTest/target/surefire/surefirebooter8694915698391575345.jar"/>
    <property name="sun.management.compiler" value="HotSpot 64-Bit Tiered Compilers"/>
    <property name="java.runtime.version" value="11.0.20+8-post-Ubuntu-1ubuntu122.04"/>
    <property name="user.name" value="luis"/>
    <property name="path.separator" value=":"/>
    <property name="os.version" value="6.2.0-26-generic"/>
    <property name="java.runtime.name" value="OpenJDK Runtime Environment"/>
    <property name="file.encoding" value="UTF-8"/>
    <property name="java.vm.name" value="OpenJDK 64-Bit Server VM"/>
    <property name="localRepository" value="/home/luis/.m2/repository"/>
    <property name="cucumber.options" value="--tags @gerar-cupom"/>
    <property name="java.vendor.url.bug" value="https://bugs.launchpad.net/ubuntu/+source/openjdk-lts"/>
    <property name="java.io.tmpdir" value="/tmp"/>
    <property name="java.version" value="11.0.20"/>
    <property name="user.dir" value="/home/luis/Java-Code/SeleniumTest"/>
    <property name="os.arch" value="amd64"/>
    <property name="java.vm.specification.name" value="Java Virtual Machine Specification"/>
    <property name="java.awt.printerjob" value="sun.print.PSPrinterJob"/>
    <property name="sun.os.patch.level" value="unknown"/>
    <property name="java.library.path" value="/usr/java/packages/lib:/usr/lib/x86_64-linux-gnu/jni:/lib/x86_64-linux-gnu:/usr/lib/x86_64-linux-gnu:/usr/lib/jni:/lib:/usr/lib"/>
    <property name="java.vm.info" value="mixed mode, sharing"/>
    <property name="java.vendor" value="Ubuntu"/>
    <property name="java.vm.version" value="11.0.20+8-post-Ubuntu-1ubuntu122.04"/>
    <property name="java.specification.maintenance.version" value="2"/>
    <property name="sun.io.unicode.encoding" value="UnicodeLittle"/>
    <property name="java.class.version" value="55.0"/>
  </properties>
  <testcase name="Dado que estou no site da qazando" classname="Cenario: Visualizar codigo de desconto" time="0.002">
    <system-err><![CDATA[Starting ChromeDriver 115.0.5790.110 (5e87dfef0c85687ea835e444d33466745cc0725f-refs/branch-heads/5790_90@{#20}) on port 24927
Only local connections are allowed.
Please see https://chromedriver.chromium.org/security-considerations for suggestions on keeping ChromeDriver safe.
ChromeDriver was started successfully.
ago 12, 2023 3:07:31 PM org.openqa.selenium.remote.ProtocolHandshake createSession
INFORMAÇÕES: Detected dialect: W3C
]]></system-err>
  </testcase>
  <testcase name="Quando preencho meu email" classname="Cenario: Visualizar codigo de desconto" time="0"/>
  <testcase name="E clico em ganhar cupom" classname="Cenario: Visualizar codigo de desconto" time="0"/>
  <testcase name="Entao vejo o codigo de desconto" classname="Cenario: Visualizar codigo de desconto" time="0"/>
  <testcase name="" classname="Cenario: Visualizar codigo de desconto" time="0"/>
</testsuite>